<?xml version="1.0" encoding="UTF-8"?>
<testng-results skipped="0" failed="0" total="2" passed="2">
  <reporter-output>
  </reporter-output>
  <suite name="Default suite" duration-ms="27500" started-at="2021-12-04T12:59:44Z" finished-at="2021-12-04T13:00:12Z">
    <groups>
    </groups>
    <test name="Default test" duration-ms="27500" started-at="2021-12-04T12:59:44Z" finished-at="2021-12-04T13:00:12Z">
      <class name="com.testcases.zomato.HomePageTest">
        <test-method status="PASS" signature="setup()[pri:0, instance:com.testcases.zomato.HomePageTest@59f99ea]" name="setup" is-config="true" duration-ms="7007" started-at="2021-12-04T18:29:45Z" finished-at="2021-12-04T18:29:52Z">
          <reporter-output>
          </reporter-output>
        </test-method> <!-- setup -->
        <test-method status="PASS" signature="delhi_link_test()[pri:0, instance:com.testcases.zomato.HomePageTest@59f99ea]" name="delhi_link_test" duration-ms="4023" started-at="2021-12-04T18:29:52Z" finished-at="2021-12-04T18:29:56Z">
          <reporter-output>
          </reporter-output>
        </test-method> <!-- delhi_link_test -->
        <test-method status="PASS" signature="teardown()[pri:0, instance:com.testcases.zomato.HomePageTest@59f99ea]" name="teardown" is-config="true" duration-ms="4179" started-at="2021-12-04T18:29:56Z" finished-at="2021-12-04T18:30:00Z">
          <reporter-output>
          </reporter-output>
        </test-method> <!-- teardown -->
        <test-method status="PASS" signature="setup()[pri:0, instance:com.testcases.zomato.HomePageTest@59f99ea]" name="setup" is-config="true" duration-ms="5020" started-at="2021-12-04T18:30:00Z" finished-at="2021-12-04T18:30:05Z">
          <reporter-output>
          </reporter-output>
        </test-method> <!-- setup -->
        <test-method status="PASS" signature="kolkata_link_test()[pri:0, instance:com.testcases.zomato.HomePageTest@59f99ea]" name="kolkata_link_test" duration-ms="3102" started-at="2021-12-04T18:30:05Z" finished-at="2021-12-04T18:30:08Z">
          <reporter-output>
          </reporter-output>
        </test-method> <!-- kolkata_link_test -->
        <test-method status="PASS" signature="teardown()[pri:0, instance:com.testcases.zomato.HomePageTest@59f99ea]" name="teardown" is-config="true" duration-ms="4152" started-at="2021-12-04T18:30:08Z" finished-at="2021-12-04T18:30:12Z">
          <reporter-output>
          </reporter-output>
        </test-method> <!-- teardown -->
      </class> <!-- com.testcases.zomato.HomePageTest -->
    </test> <!-- Default test -->
  </suite> <!-- Default suite -->
</testng-results>
