<?xml version="1.0" encoding="UTF-8"?>
<testng-results skipped="0" failed="0" total="1" passed="1">
  <reporter-output>
  </reporter-output>
  <suite name="Default suite" duration-ms="25137" started-at="2021-12-04T09:35:24Z" finished-at="2021-12-04T09:35:49Z">
    <groups>
    </groups>
    <test name="Default test" duration-ms="25137" started-at="2021-12-04T09:35:24Z" finished-at="2021-12-04T09:35:49Z">
      <class name="com.testcases.zomato.HomePageTest">
        <test-method status="PASS" signature="setup()[pri:0, instance:com.testcases.zomato.HomePageTest@d8355a8]" name="setup" duration-ms="25123" started-at="2021-12-04T15:05:24Z" finished-at="2021-12-04T15:05:49Z">
          <reporter-output>
          </reporter-output>
        </test-method> <!-- setup -->
      </class> <!-- com.testcases.zomato.HomePageTest -->
    </test> <!-- Default test -->
  </suite> <!-- Default suite -->
</testng-results>
